<?xml version="1.0" encoding="UTF-8"?>
<!-- Generated by org.testng.reporters.JUnitReportReporter -->
<testsuite hostname="LAPTOP-TIU0BPIH" failures="0" tests="1" name="com.cd.qa.testcases.WaterFlosserPageTest" time="20.637" errors="0" timestamp="24 Oct 2023 00:49:52 GMT" skipped="0">
  <testcase classname="com.cd.qa.testcases.WaterFlosserPageTest" name="goToWaterFlosserPageTest" time="20.637"/>
</testsuite> <!-- com.cd.qa.testcases.WaterFlosserPageTest -->
