<?xml version="1.0" encoding="UTF-8"?>
<!-- Generated by org.testng.reporters.JUnitReportReporter -->
<testsuite hostname="LAPTOP-TIU0BPIH" failures="0" tests="2" name="com.cd.qa.testcases.WaterpikPageTest" time="15.196" errors="0" timestamp="23 Oct 2023 22:15:16 GMT" skipped="0">
  <testcase classname="com.cd.qa.testcases.WaterpikPageTest" name="verifyWaterpikHeaderTest" time="7.457"/>
  <testcase classname="com.cd.qa.testcases.WaterpikPageTest" name="waterFlosserPageTest" time="7.739"/>
</testsuite> <!-- com.cd.qa.testcases.WaterpikPageTest -->
