<?xml version="1.0" encoding="UTF-8"?>
<!-- Generated by org.testng.reporters.JUnitReportReporter -->
<testsuite hostname="LAPTOP-TIU0BPIH" failures="0" tests="2" name="com.cd.qa.testcases.LandingPageTest" time="9.704" errors="0" timestamp="23 Oct 2023 22:15:16 GMT" skipped="0">
  <testcase classname="com.cd.qa.testcases.LandingPageTest" name="waterpikIsDisplayedTest" time="6.737"/>
  <testcase classname="com.cd.qa.testcases.LandingPageTest" name="waterpikTest" time="2.967"/>
</testsuite> <!-- com.cd.qa.testcases.LandingPageTest -->
